{
  "timestamp": "2025-10-15T16:41:48.889207",
  "summary": {
    "total_tests": 8,
    "passed_tests": 5,
    "failed_tests": 3,
    "total_duration": 24.356106996536255,
    "success_rate": 62.5
  },
  "results": {
    "Basic Functionality": {
      "name": "Basic Functionality",
      "success": true,
      "output": "\u2713 Imports successful\nCybersecurity Log Generator - Test Suite\n==================================================\n\n=== Testing Basic Log Generation ===\n\u2713 Generator initialized\n\u2713 Generated 10 IDS events\n\u2713 Generated 5 web access events\n\u2713 Generated 5 endpoint events\n\n=== Testing Attack Campaign Generation ===\n\u2713 Generated campaign: ThreatActor.APT29 Campaign\n\u2713 Threat actor: ThreatActor.APT29\n\u2713 Events: 7\n\u2713 Attack stages: [<AttackTactic.INITIAL_ACCESS: 'initial_access'>, <AttackTactic.PERSISTENCE: 'persistence'>, <AttackTactic.EXFILTRATION: 'exfiltration'>]\n\n=== Testing Log Export ===\n\u2713 JSON export: 5391 characters\n\u2713 CSV export: 3021 characters\n\n=== Test Results ===\nPassed: 3/3\n\u2713 All tests passed!\n",
      "duration": 0.23292279243469238,
      "details": "Core functionality and imports"
    },
    "Comprehensive Tests": {
      "name": "Comprehensive Tests",
      "success": false,
      "output": "Exit code 1\nSTDOUT: \u2713 All imports successful\n\ud83d\ude80 Cybersecurity Log Generator - Comprehensive Test Suite\n======================================================================\n\n--- Import Test ---\n\u2713 Import Test PASSED (0.00s)\n\n--- Generator Initialization ---\n\u2713 Generator Initialization PASSED (0.02s)\n\n--- Generator with Config ---\n\u2713 Generator with Config PASSED (0.00s)\n\n--- IDS Log Generation ---\nGenerated 6 security events out of 100 total\n\u2713 IDS Log Generation PASSED (0.02s)\n\n--- Web Access Log Generation ---\n\u2713 Web Access Log Generation PASSED (0.02s)\n\n--- Endpoint Log Generation ---\nMissing process field in endpoint event\n\u2717 Endpoint Log Generation FAILED (0.01s)\n\n--- Windows Event Generation ---\n\u2713 Windows Event Generation PASSED (0.01s)\n\n--- Linux Syslog Generation ---\n\u2713 Linux Syslog Generation PASSED (0.01s)\n\n--- Firewall Log Generation ---\n\u2713 Firewall Log Generation PASSED (0.01s)\n\n--- Attack Campaign Generation ---\nGenerated 48 events for APT29 campaign\n\u2713 Attack Campaign Generation PASSED (0.01s)\n\n--- Multiple Threat Actors ---\nAll threat actors tested successfully\n\u2713 Multiple Threat Actors PASSED (0.01s)\n\n--- Correlated Events Generation ---\nCorrelated events generation error: name 'LogSeverity' is not defined\n\u2717 Correlated Events Generation FAILED (0.04s)\n\n--- Network Topology Events ---\nNetwork topology events error: 'NoneType' object has no attribute 'ip_address' and no __dict__ for setting new attributes\n\u2717 Network Topology Events FAILED (0.00s)\n\n--- Export Formats ---\n\u2713 JSON export: 22117 characters\n\u2713 CSV export: 12069 characters\n\u2713 SYSLOG export: 2772 characters\n\u2713 CEF export: 4232 characters\n\u2713 LEEF export: 4204 characters\n\u2713 Export Formats PASSED (0.00s)\n\n--- Export to File ---\n\u2713 Export to File PASSED (0.00s)\n\n--- Large Dataset Generation ---\nGenerating large dataset (1000 events)...\nGenerated 1000 events in 0.11s (9156 events/sec)\n\u2713 Large Dataset Generation PASSED (0.11s)\n\n--- Performance Benchmarks ---\nids: 8710 events/sec\nweb_access: 4694 events/sec\nendpoint: 9693 events/sec\n\u2713 Performance Benchmarks PASSED (0.22s)\n\n--- MCP Server Creation ---\n\u2713 MCP Server Creation PASSED (0.00s)\n\n--- MCP Server Tools ---\nMCP server tools available\n\u2713 MCP Server Tools PASSED (0.00s)\n\n--- Edge Cases ---\n\u2713 Edge Cases PASSED (0.00s)\n\n--- Data Validation ---\n\u2713 Data Validation PASSED (0.01s)\n\n--- Time Distribution ---\n\u2713 Time Distribution PASSED (0.01s)\n\n======================================================================\n\ud83d\udcca TEST SUMMARY\n======================================================================\nTotal Tests: 22\nPassed: 19\nFailed: 3\nSuccess Rate: 86.4%\nTotal Time: 0.51s\n\n\ud83d\udccb DETAILED RESULTS:\n----------------------------------------------------------------------\n\u2713 PASS Import Test                         (0.00s)\n\u2713 PASS Generator Initialization            (0.02s)\n\u2713 PASS Generator with Config               (0.00s)\n\u2713 PASS IDS Log Generation                  (0.02s)\n\u2713 PASS Web Access Log Generation           (0.02s)\n\u2717 FAIL Endpoint Log Generation             (0.01s)\n    \u2514\u2500 Test failed\n\u2713 PASS Windows Event Generation            (0.01s)\n\u2713 PASS Linux Syslog Generation             (0.01s)\n\u2713 PASS Firewall Log Generation             (0.01s)\n\u2713 PASS Attack Campaign Generation          (0.01s)\n\u2713 PASS Multiple Threat Actors              (0.01s)\n\u2717 FAIL Correlated Events Generation        (0.04s)\n    \u2514\u2500 Test failed\n\u2717 FAIL Network Topology Events             (0.00s)\n    \u2514\u2500 Test failed\n\u2713 PASS Export Formats                      (0.00s)\n\u2713 PASS Export to File                      (0.00s)\n\u2713 PASS Large Dataset Generation            (0.11s)\n\u2713 PASS Performance Benchmarks              (0.22s)\n\u2713 PASS MCP Server Creation                 (0.00s)\n\u2713 PASS MCP Server Tools                    (0.00s)\n\u2713 PASS Edge Cases                          (0.00s)\n\u2713 PASS Data Validation                     (0.01s)\n\u2713 PASS Time Distribution                   (0.01s)\n\n\ud83c\udfaf RECOMMENDATIONS:\n\u26a0\ufe0f  Some tests failed. Review and fix issues.\n\n\u26a1 PERFORMANCE INSIGHTS:\n  \u2713 Large Dataset Generation: 0.11s\n  \u2713 Performance Benchmarks: 0.22s\n\nSTDERR: /Users/tredkar/Documents/GitHub/hd-syntheticdata/cybersecurity_log_generator/comprehensive_test_suite.py:587: DeprecationWarning: datetime.datetime.utcnow() is deprecated and scheduled for removal in a future version. Use timezone-aware objects to represent datetimes in UTC: datetime.datetime.now(datetime.UTC).\n  now = datetime.utcnow()\n",
      "duration": 0.7936460971832275,
      "details": "All core functionality, generators, MCP server, edge cases"
    },
    "Scenario Tests": {
      "name": "Scenario Tests",
      "success": false,
      "output": "Exit code 1\nSTDOUT: \u2713 Imports successful\n\ud83d\udee1\ufe0f Cybersecurity Log Generation - Scenario Testing\n============================================================\n\n\ud83d\udd0d Testing APT29 Attack Scenario\n----------------------------------------\n\u2717 FAIL APT29 Attack Scenario\n    \u2514\u2500 Error: 'str' object has no attribute 'value'\n\n\ud83d\udc89 Testing SQL Injection Attack Scenario\n----------------------------------------\n\u2717 FAIL SQL Injection Detection\n    \u2514\u2500 No SQL injection events found\n\n\ud83e\udda0 Testing Malware Detection Scenario\n----------------------------------------\n\u2717 FAIL Malware Severity\n    \u2514\u2500 Expected CRITICAL severity, got low\n\n\ud83d\udd0d Testing Network Scanning Scenario\n----------------------------------------\n\u2713 PASS Network Scanning\n    \u2514\u2500 Found 14 scanning events\n\n\u2b06\ufe0f Testing Privilege Escalation Scenario\n----------------------------------------\n\u2713 PASS Privilege Escalation\n    \u2514\u2500 Found 3 privilege escalation events\n\n\ud83d\udce4 Testing Data Exfiltration Scenario\n----------------------------------------\n\u2717 FAIL Data Exfiltration\n    \u2514\u2500 Error: name 'LogSeverity' is not defined\n\n\ud83d\udd04 Testing Lateral Movement Scenario\n----------------------------------------\n\u2717 FAIL Lateral Movement\n    \u2514\u2500 Error: 'NoneType' object has no attribute 'ip_address' and no __dict__ for setting new attributes\n\n\ud83d\udd28 Testing Brute Force Attack Scenario\n----------------------------------------\n\u2713 PASS Brute Force Attack\n    \u2514\u2500 Found 4 brute force events, 0 sources with repeated failures\n\n\ud83d\udd12 Testing Ransomware Scenario\n----------------------------------------\n\u2713 PASS Ransomware Attack\n    \u2514\u2500 Found 8 ransomware events\n\n\ud83d\udc64 Testing Insider Threat Scenario\n----------------------------------------\n\u2717 FAIL Insider Threat\n    \u2514\u2500 Error: name 'LogSeverity' is not defined\n\n\ud83d\udca5 Testing Zero-Day Exploit Scenario\n----------------------------------------\n\u2713 PASS Zero-Day Exploit\n    \u2514\u2500 Found 6 zero-day events, 6 high-confidence\n\n============================================================\n\ud83d\udcca SCENARIO TEST SUMMARY\n============================================================\nTotal Scenarios: 11\nPassed: 5\nFailed: 6\nSuccess Rate: 45.5%\n\n\ud83d\udccb DETAILED RESULTS:\n------------------------------------------------------------\n\u2717 FAIL APT29 Attack Scenario\n    \u2514\u2500 Error: 'str' object has no attribute 'value'\n\u2717 FAIL SQL Injection Detection\n    \u2514\u2500 No SQL injection events found\n\u2717 FAIL Malware Severity\n    \u2514\u2500 Expected CRITICAL severity, got low\n\u2713 PASS Network Scanning\n    \u2514\u2500 Found 14 scanning events\n\u2713 PASS Privilege Escalation\n    \u2514\u2500 Found 3 privilege escalation events\n\u2717 FAIL Data Exfiltration\n    \u2514\u2500 Error: name 'LogSeverity' is not defined\n\u2717 FAIL Lateral Movement\n    \u2514\u2500 Error: 'NoneType' object has no attribute 'ip_address' and no __dict__ for setting new attributes\n\u2713 PASS Brute Force Attack\n    \u2514\u2500 Found 4 brute force events, 0 sources with repeated failures\n\u2713 PASS Ransomware Attack\n    \u2514\u2500 Found 8 ransomware events\n\u2717 FAIL Insider Threat\n    \u2514\u2500 Error: name 'LogSeverity' is not defined\n\u2713 PASS Zero-Day Exploit\n    \u2514\u2500 Found 6 zero-day events, 6 high-confidence\n\n\ud83c\udfaf SCENARIO INSIGHTS:\n\u274c Many scenarios failed. System needs significant improvements.\n\n\ud83d\udd0d ATTACK TYPE COVERAGE:\n  \u2717 APT Campaigns\n  \u2717 Web Attacks\n  \u2717 Malware\n  \u2713 Network Reconnaissance\n  \u2713 Privilege Escalation\n  \u2717 Data Exfiltration\n  \u2717 Lateral Movement\n  \u2713 Brute Force\n  \u2713 Ransomware\n  \u2717 Insider Threats\n  \u2713 Zero-Day Exploits\n\nSTDERR: ",
      "duration": 0.49756503105163574,
      "details": "Attack scenarios, threat actors, security patterns"
    },
    "Performance Tests": {
      "name": "Performance Tests",
      "success": true,
      "output": "\u2713 Imports successful\n\ud83d\ude80 Cybersecurity Log Generator - Performance Testing\n============================================================\n\ud83d\ude80 Testing All Log Types Performance\n==================================================\n\ud83d\udcca Single ids Generation\n   Duration: 0.11s\n   Events: 1,000\n   Events/sec: 8732\n   Memory: 3.5 MB (0.003 MB/event)\n   CPU: 0.0%\n   Details: Generated 1000 ids events\n\n\ud83d\udcca Single web_access Generation\n   Duration: 0.21s\n   Events: 1,000\n   Events/sec: 4671\n   Memory: 0.2 MB (0.000 MB/event)\n   CPU: 0.0%\n   Details: Generated 1000 web_access events\n\n\ud83d\udcca Single endpoint Generation\n   Duration: 0.10s\n   Events: 1,000\n   Events/sec: 9787\n   Memory: 0.0 MB (0.000 MB/event)\n   CPU: 0.0%\n   Details: Generated 1000 endpoint events\n\n\ud83d\udcca Single windows_event Generation\n   Duration: 0.14s\n   Events: 1,000\n   Events/sec: 7168\n   Memory: 0.0 MB (0.000 MB/event)\n   CPU: 0.0%\n   Details: Generated 1000 windows_event events\n\n\ud83d\udcca Single linux_syslog Generation\n   Duration: 0.17s\n   Events: 1,000\n   Events/sec: 6032\n   Memory: 0.2 MB (0.000 MB/event)\n   CPU: 0.0%\n   Details: Generated 1000 linux_syslog events\n\n\ud83d\udcca Single firewall Generation\n   Duration: 0.12s\n   Events: 1,000\n   Events/sec: 8100\n   Memory: 0.1 MB (0.000 MB/event)\n   CPU: 0.0%\n   Details: Generated 1000 firewall events\n\n\n\ud83d\udcc8 Testing Performance Scaling\n==================================================\n\ud83d\udcca Single ids Generation\n   Duration: 0.01s\n   Events: 100\n   Events/sec: 9009\n   Memory: 0.0 MB (0.000 MB/event)\n   CPU: 0.0%\n   Details: Generated 100 ids events\n\n\ud83d\udcca Single ids Generation\n   Duration: 0.06s\n   Events: 500\n   Events/sec: 8582\n   Memory: 0.0 MB (0.000 MB/event)\n   CPU: 0.0%\n   Details: Generated 500 ids events\n\n\ud83d\udcca Single ids Generation\n   Duration: 0.12s\n   Events: 1,000\n   Events/sec: 8484\n   Memory: 0.0 MB (0.000 MB/event)\n   CPU: 0.0%\n   Details: Generated 1000 ids events\n\n\ud83d\udcca Single ids Generation\n   Duration: 0.59s\n   Events: 5,000\n   Events/sec: 8517\n   Memory: 12.3 MB (0.002 MB/event)\n   CPU: 0.0%\n   Details: Generated 5000 ids events\n\n\ud83d\udcca Single ids Generation\n   Duration: 1.16s\n   Events: 10,000\n   Events/sec: 8635\n   Memory: 15.3 MB (0.002 MB/event)\n   CPU: 0.0%\n   Details: Generated 10000 ids events\n\n\n\ud83d\udcbe Testing Memory Efficiency\n==================================================\n\ud83d\udcca Memory Test (1,000 events)\n   Duration: 0.11s\n   Events: 1,000\n   Events/sec: 8800\n   Memory: -13.0 MB (-0.013 MB/event)\n   CPU: 0.0%\n   Details: Memory per event: -0.013 MB\n\n\ud83d\udcca Memory Test (5,000 events)\n   Duration: 0.59s\n   Events: 5,000\n   Events/sec: 8544\n   Memory: 2.8 MB (0.001 MB/event)\n   CPU: 0.0%\n   Details: Memory per event: 0.001 MB\n\n\ud83d\udcca Memory Test (10,000 events)\n   Duration: 1.14s\n   Events: 10,000\n   Events/sec: 8791\n   Memory: 27.7 MB (0.003 MB/event)\n   CPU: 0.0%\n   Details: Memory per event: 0.003 MB\n\n\ud83d\udcca Memory Test (20,000 events)\n   Duration: 2.31s\n   Events: 20,000\n   Events/sec: 8646\n   Memory: 43.1 MB (0.002 MB/event)\n   CPU: 0.0%\n   Details: Memory per event: 0.002 MB\n\n\n\ud83d\udd04 Testing Concurrent Generation\n==================================================\n\ud83d\udcca Concurrent Generation Results:\n   Total Duration: 0.26s\n   Total Events: 1,500\n   Events/sec: 5835\n   Successful Threads: 3/3\n   ids: 500 events in 0.21s (2349 events/sec)\n   web_access: 500 events in 0.24s (2070 events/sec)\n   endpoint: 500 events in 0.25s (1970 events/sec)\n\n\ud83c\udfaf Testing Attack Campaign Performance\n==================================================\n\ud83d\udcca Campaign APT29 (1h, 50 targets)\n   Duration: 0.01s\n   Events: 48\n   Events/sec: 6531\n   Memory: -0.3 MB (-0.006 MB/event)\n   CPU: 0.0%\n   Details: Generated 48 events for APT29\n\n\ud83d\udcca Campaign APT29 (1h, 200 targets)\n   Duration: 0.03s\n   Events: 198\n   Events/sec: 6834\n   Memory: -2.0 MB (-0.010 MB/event)\n   CPU: 0.0%\n   Details: Generated 198 events for APT29\n\n\ud83d\udcca Campaign APT29 (1h, 500 targets)\n   Duration: 0.08s\n   Events: 498\n   Events/sec: 6070\n   Memory: -2.0 MB (-0.004 MB/event)\n   CPU: 0.0%\n   Details: Generated 498 events for APT29\n\n\ud83d\udcca Campaign APT29 (6h, 50 targets)\n   Duration: 0.01s\n   Events: 48\n   Events/sec: 6571\n   Memory: 0.0 MB (0.000 MB/event)\n   CPU: 0.0%\n   Details: Generated 48 events for APT29\n\n\ud83d\udcca Campaign APT29 (6h, 200 targets)\n   Duration: 0.03s\n   Events: 198\n   Events/sec: 6746\n   Memory: -1.0 MB (-0.005 MB/event)\n   CPU: 0.0%\n   Details: Generated 198 events for APT29\n\n\ud83d\udcca Campaign APT29 (6h, 500 targets)\n   Duration: 0.08s\n   Events: 498\n   Events/sec: 6288\n   Memory: 0.0 MB (0.000 MB/event)\n   CPU: 0.0%\n   Details: Generated 498 events for APT29\n\n\ud83d\udcca Campaign APT29 (24h, 50 targets)\n   Duration: 0.01s\n   Events: 48\n   Events/sec: 5938\n   Memory: 0.0 MB (0.000 MB/event)\n   CPU: 0.0%\n   Details: Generated 48 events for APT29\n\n\ud83d\udcca Campaign APT29 (24h, 200 targets)\n   Duration: 0.03s\n   Events: 198\n   Events/sec: 6513\n   Memory: 0.0 MB (0.000 MB/event)\n   CPU: 0.0%\n   Details: Generated 198 events for APT29\n\n\ud83d\udcca Campaign APT29 (24h, 500 targets)\n   Duration: 0.08s\n   Events: 498\n   Events/sec: 6423\n   Memory: 0.0 MB (0.000 MB/event)\n   CPU: 0.0%\n   Details: Generated 498 events for APT29\n\n\ud83d\udcca Campaign APT28 (1h, 50 targets)\n   Duration: 0.01s\n   Events: 48\n   Events/sec: 8504\n   Memory: 0.0 MB (0.000 MB/event)\n   CPU: 0.0%\n   Details: Generated 48 events for APT28\n\n\ud83d\udcca Campaign APT28 (1h, 200 targets)\n   Duration: 0.02s\n   Events: 198\n   Events/sec: 8257\n   Memory: 0.0 MB (0.000 MB/event)\n   CPU: 0.0%\n   Details: Generated 198 events for APT28\n\n\ud83d\udcca Campaign APT28 (1h, 500 targets)\n   Duration: 0.06s\n   Events: 498\n   Events/sec: 8017\n   Memory: 0.0 MB (0.000 MB/event)\n   CPU: 0.0%\n   Details: Generated 498 events for APT28\n\n\ud83d\udcca Campaign APT28 (6h, 50 targets)\n   Duration: 0.01s\n   Events: 48\n   Events/sec: 8556\n   Memory: 0.0 MB (0.000 MB/event)\n   CPU: 0.0%\n   Details: Generated 48 events for APT28\n\n\ud83d\udcca Campaign APT28 (6h, 200 targets)\n   Duration: 0.02s\n   Events: 198\n   Events/sec: 8259\n   Memory: 0.0 MB (0.000 MB/event)\n   CPU: 0.0%\n   Details: Generated 198 events for APT28\n\n\ud83d\udcca Campaign APT28 (6h, 500 targets)\n   Duration: 0.06s\n   Events: 498\n   Events/sec: 8625\n   Memory: 0.0 MB (0.000 MB/event)\n   CPU: 0.0%\n   Details: Generated 498 events for APT28\n\n\ud83d\udcca Campaign APT28 (24h, 50 targets)\n   Duration: 0.01s\n   Events: 48\n   Events/sec: 8415\n   Memory: 0.0 MB (0.000 MB/event)\n   CPU: 0.0%\n   Details: Generated 48 events for APT28\n\n\ud83d\udcca Campaign APT28 (24h, 200 targets)\n   Duration: 0.02s\n   Events: 198\n   Events/sec: 8190\n   Memory: 0.0 MB (0.000 MB/event)\n   CPU: 0.0%\n   Details: Generated 198 events for APT28\n\n\ud83d\udcca Campaign APT28 (24h, 500 targets)\n   Duration: 0.06s\n   Events: 498\n   Events/sec: 8561\n   Memory: 0.0 MB (0.000 MB/event)\n   CPU: 0.0%\n   Details: Generated 498 events for APT28\n\n\ud83d\udcca Campaign Lazarus (1h, 50 targets)\n   Duration: 0.01s\n   Events: 48\n   Events/sec: 5401\n   Memory: 0.0 MB (0.000 MB/event)\n   CPU: 0.0%\n   Details: Generated 48 events for Lazarus\n\n\ud83d\udcca Campaign Lazarus (1h, 200 targets)\n   Duration: 0.04s\n   Events: 200\n   Events/sec: 5679\n   Memory: 0.0 MB (0.000 MB/event)\n   CPU: 0.0%\n   Details: Generated 200 events for Lazarus\n\n\ud83d\udcca Campaign Lazarus (1h, 500 targets)\n   Duration: 0.09s\n   Events: 500\n   Events/sec: 5491\n   Memory: 0.0 MB (0.000 MB/event)\n   CPU: 0.0%\n   Details: Generated 500 events for Lazarus\n\n\ud83d\udcca Campaign Lazarus (6h, 50 targets)\n   Duration: 0.01s\n   Events: 48\n   Events/sec: 5818\n   Memory: 0.0 MB (0.000 MB/event)\n   CPU: 0.0%\n   Details: Generated 48 events for Lazarus\n\n\ud83d\udcca Campaign Lazarus (6h, 200 targets)\n   Duration: 0.03s\n   Events: 200\n   Events/sec: 6014\n   Memory: 0.0 MB (0.000 MB/event)\n   CPU: 0.0%\n   Details: Generated 200 events for Lazarus\n\n\ud83d\udcca Campaign Lazarus (6h, 500 targets)\n   Duration: 0.08s\n   Events: 500\n   Events/sec: 6116\n   Memory: 0.0 MB (0.000 MB/event)\n   CPU: 0.0%\n   Details: Generated 500 events for Lazarus\n\n\ud83d\udcca Campaign Lazarus (24h, 50 targets)\n   Duration: 0.01s\n   Events: 48\n   Events/sec: 6025\n   Memory: 0.0 MB (0.000 MB/event)\n   CPU: 0.0%\n   Details: Generated 48 events for Lazarus\n\n\ud83d\udcca Campaign Lazarus (24h, 200 targets)\n   Duration: 0.03s\n   Events: 200\n   Events/sec: 6424\n   Memory: 0.0 MB (0.000 MB/event)\n   CPU: 0.0%\n   Details: Generated 200 events for Lazarus\n\n\ud83d\udcca Campaign Lazarus (24h, 500 targets)\n   Duration: 0.08s\n   Events: 500\n   Events/sec: 6171\n   Memory: 0.0 MB (0.000 MB/event)\n   CPU: 0.0%\n   Details: Generated 500 events for Lazarus\n\n\n\ud83d\udce4 Testing Export Performance\n==================================================\n\ud83d\udcca Export JSON\n   Duration: 0.05s\n   Events: 5,000\n   Events/sec: 99338\n   Memory: 5.2 MB (0.001 MB/event)\n   CPU: 0.0%\n   Details: Output size: 5.23 MB\n\n\ud83d\udcca Export CSV\n   Duration: 0.11s\n   Events: 5,000\n   Events/sec: 46648\n   Memory: 2.8 MB (0.001 MB/event)\n   CPU: 0.0%\n   Details: Output size: 2.79 MB\n\n\ud83d\udcca Export SYSLOG\n   Duration: 0.01s\n   Events: 5,000\n   Events/sec: 608135\n   Memory: 0.7 MB (0.000 MB/event)\n   CPU: 0.0%\n   Details: Output size: 0.66 MB\n\n\ud83d\udcca Export CEF\n   Duration: 0.00s\n   Events: 5,000\n   Events/sec: 1213559\n   Memory: 1.0 MB (0.000 MB/event)\n   CPU: 0.0%\n   Details: Output size: 1.01 MB\n\n\ud83d\udcca Export LEEF\n   Duration: 0.00s\n   Events: 5,000\n   Events/sec: 1331187\n   Memory: 1.0 MB (0.000 MB/event)\n   CPU: 0.0%\n   Details: Output size: 1.00 MB\n\n\n\ud83d\udd17 Testing Correlation Performance\n==================================================\n\ud83d\udcca Correlation (strength=0.3, window=30m)\n   Duration: 0.04s\n   Events: 300\n   Events/sec: 6935\n   Memory: 0.0 MB (0.000 MB/event)\n   CPU: 0.0%\n   Details: Correlated events: 0\n\n\u2717 Error testing correlation: name 'LogSeverity' is not defined\n\ud83d\udcca Correlation (strength=0.3, window=2h)\n   Duration: 0.04s\n   Events: 300\n   Events/sec: 6761\n   Memory: 0.0 MB (0.000 MB/event)\n   CPU: 0.0%\n   Details: Correlated events: 0\n\n\u2717 Error testing correlation: name 'LogSeverity' is not defined\n\u2717 Error testing correlation: name 'LogSeverity' is not defined\n\u2717 Error testing correlation: name 'LogSeverity' is not defined\n\ud83d\udcca Correlation (strength=0.5, window=2h)\n   Duration: 0.04s\n   Events: 300\n   Events/sec: 7052\n   Memory: 0.0 MB (0.000 MB/event)\n   CPU: 0.0%\n   Details: Correlated events: 0\n\n\u2717 Error testing correlation: name 'LogSeverity' is not defined\n\ud83d\udcca Correlation (strength=0.8, window=30m)\n   Duration: 0.04s\n   Events: 300\n   Events/sec: 6946\n   Memory: 0.0 MB (0.000 MB/event)\n   CPU: 0.0%\n   Details: Correlated events: 0\n\n\ud83d\udcca Correlation (strength=0.8, window=1h)\n   Duration: 0.04s\n   Events: 300\n   Events/sec: 7039\n   Memory: 0.0 MB (0.000 MB/event)\n   CPU: 0.0%\n   Details: Correlated events: 0\n\n\u2717 Error testing correlation: name 'LogSeverity' is not defined\n\ud83d\udcca Correlation (strength=0.8, window=4h)\n   Duration: 0.04s\n   Events: 300\n   Events/sec: 6848\n   Memory: 0.0 MB (0.000 MB/event)\n   CPU: 0.0%\n   Details: Correlated events: 0\n\n\u2717 Error testing correlation: name 'LogSeverity' is not defined\n\u2717 Error testing correlation: name 'LogSeverity' is not defined\n\u2717 Error testing correlation: name 'LogSeverity' is not defined\n\u2717 Error testing correlation: name 'LogSeverity' is not defined\n\n\ud83d\udcaa Testing Stress Conditions\n==================================================\nTesting large dataset generation (50,000 events)...\n\u2713 Large dataset: 50,000 events in 5.57s (8975 events/sec)\nTesting memory stress...\n  Batch 1: 10,000 events, -18.2 MB used\n  Batch 2: 10,000 events, -62.8 MB used\n  Batch 3: 10,000 events, -72.8 MB used\n  Batch 4: 10,000 events, -75.7 MB used\n  Batch 5: 10,000 events, -79.7 MB used\n\n\ud83d\udcca PERFORMANCE REPORT\n============================================================\nEvents per Second:\n  Average: 68856\n  Maximum: 1331187\n  Minimum: 4671\n\nMemory Usage:\n  Average: 1.8 MB\n  Maximum: 43.1 MB\n\n\ud83c\udfaf PERFORMANCE RECOMMENDATIONS:\n\u2705 Excellent performance - system can handle high loads\n\u2705 Memory usage is reasonable\n\n\ud83d\udcc4 Detailed report saved to: performance_report.json\n",
      "duration": 21.790483236312866,
      "details": "Performance benchmarks, memory usage, stress testing"
    },
    "Example Tests": {
      "name": "Example Tests",
      "success": false,
      "output": "Exit code 1\nSTDOUT: \nSTDERR: Traceback (most recent call last):\n  File \"/Users/tredkar/Documents/GitHub/hd-syntheticdata/cybersecurity_log_generator/examples/basic_usage.py\", line 6, in <module>\n    from cybersecurity_log_generator import LogGenerator, LogType, ThreatActor\nModuleNotFoundError: No module named 'cybersecurity_log_generator'\n",
      "duration": 0.03617215156555176,
      "details": "Usage examples and documentation"
    },
    "MCP Server Tests": {
      "name": "MCP Server Tests",
      "success": true,
      "output": "MCP server created successfully\n",
      "duration": 0.3229708671569824,
      "details": "MCP server functionality and tools"
    },
    "Export Tests": {
      "name": "Export Tests",
      "success": true,
      "output": "JSON: 110102 characters\nCSV: 59100 characters\nSYSLOG: 13863 characters\nCEF: 21163 characters\nLEEF: 21015 characters\nAll export formats tested successfully\n",
      "duration": 0.225877046585083,
      "details": "All export formats (JSON, CSV, Syslog, CEF, LEEF)"
    },
    "Integration Tests": {
      "name": "Integration Tests",
      "success": true,
      "output": "Generated 50 ids events\nGenerated 50 web_access events\nGenerated 50 endpoint events\nGenerated 97 campaign events\nGenerated 200 correlated events\nJSON export: 48801 chars, CSV export: 25041 chars\nIntegration tests completed successfully\n",
      "duration": 0.27195000648498535,
      "details": "End-to-end workflow testing"
    }
  }
}