--toolchain=clang
make --silent --keep-going --jobs=8 O=/home/tuxbuild/.cache/tuxmake/builds/1/build INSTALL_PATH=/home/tuxbuild/.cache/tuxmake/builds/1/build/kselftest_install ARCH=x86_64 SRCARCH=x86 CROSS_COMPILE=x86_64-linux-gnu- 'HOSTCC=sccache clang' 'CC=sccache clang' LLVM=1 LLVM_IAS=1 kselftest-install
make[4]: Entering directory '/builds/linux/tools/testing/selftests/net'
Traceback (most recent call last):
  File "/builds/linux/tools/net/ynl/generated/../ynl-gen-c.py", line 2945, in <module>
    main()
  File "/builds/linux/tools/net/ynl/generated/../ynl-gen-c.py", line 2655, in main
    parsed = Family(args.spec, exclude_ops)
  File "/builds/linux/tools/net/ynl/generated/../ynl-gen-c.py", line 543, in __init__
    from jsonschema import validate
ModuleNotFoundError: No module named 'jsonschema'
make[4]: *** [Makefile:35: ethtool] Error 1